# JRE version: OpenJDK Runtime Environment (11.0.13) (build 11.0.13+0-b1751.21-8125866)
# Java VM: OpenJDK 64-Bit Server VM (11.0.13+0-b1751.21-8125866, mixed mode, tiered, compressed oops, g1 gc, windows-amd64)
Heap:
 garbage-first heap   total 155648K, used 99074K [0x0000000080000000, 0x0000000100000000)
  region size 1024K, 2 young (2048K), 2 survivors (2048K)
 Metaspace       used 62510K, capacity 64378K, committed 64560K, reserved 1105920K
  class space    used 7891K, capacity 8520K, committed 8576K, reserved 1048576K
GC Heap History (20 events):
Event: 32.790 GC heap after
{Heap after GC invocations=28 (full 0):
 garbage-first heap   total 129024K, used 87008K [0x0000000080000000, 0x0000000100000000)
  region size 1024K, 3 young (3072K), 3 survivors (3072K)
 Metaspace       used 51742K, capacity 53404K, committed 53680K, reserved 1095680K
  class space    used 6556K, capacity 7106K, committed 7168K, reserved 1048576K
}
Event: 33.016 GC heap before
{Heap before GC invocations=29 (full 0):
 garbage-first heap   total 129024K, used 92128K [0x0000000080000000, 0x0000000100000000)
  region size 1024K, 7 young (7168K), 3 survivors (3072K)
 Metaspace       used 51722K, capacity 53371K, committed 53680K, reserved 1095680K
  class space    used 6550K, capacity 7095K, committed 7168K, reserved 1048576K
}
Event: 33.023 GC heap after
{Heap after GC invocations=30 (full 0):
 garbage-first heap   total 129024K, used 92563K [0x0000000080000000, 0x0000000100000000)
  region size 1024K, 2 young (2048K), 2 survivors (2048K)
 Metaspace       used 51722K, capacity 53371K, committed 53680K, reserved 1095680K
  class space    used 6550K, capacity 7095K, committed 7168K, reserved 1048576K
}
Event: 33.310 GC heap before
{Heap before GC invocations=31 (full 0):
 garbage-first heap   total 129024K, used 103827K [0x0000000080000000, 0x0000000100000000)
  region size 1024K, 11 young (11264K), 2 survivors (2048K)
 Metaspace       used 52019K, capacity 53734K, committed 53936K, reserved 1095680K
  class space    used 6595K, capacity 7150K, committed 7168K, reserved 1048576K
}
Event: 33.313 GC heap after
{Heap after GC invocations=32 (full 0):
 garbage-first heap   total 129024K, used 96177K [0x0000000080000000, 0x0000000100000000)
  region size 1024K, 2 young (2048K), 2 survivors (2048K)
 Metaspace       used 52019K, capacity 53734K, committed 53936K, reserved 1095680K
  class space    used 6595K, capacity 7150K, committed 7168K, reserved 1048576K
}
Event: 33.557 GC heap before
{Heap before GC invocations=32 (full 0):
 garbage-first heap   total 129024K, used 104369K [0x0000000080000000, 0x0000000100000000)
  region size 1024K, 10 young (10240K), 2 survivors (2048K)
 Metaspace       used 53008K, capacity 54662K, committed 54832K, reserved 1097728K
  class space    used 6718K, capacity 7246K, committed 7296K, reserved 1048576K
}
Event: 33.560 GC heap after
{Heap after GC invocations=33 (full 0):
 garbage-first heap   total 129024K, used 96508K [0x0000000080000000, 0x0000000100000000)
  region size 1024K, 1 young (1024K), 1 survivors (1024K)
 Metaspace       used 53008K, capacity 54662K, committed 54832K, reserved 1097728K
  class space    used 6718K, capacity 7246K, committed 7296K, reserved 1048576K
}
Event: 33.942 GC heap before
{Heap before GC invocations=34 (full 0):
 garbage-first heap   total 129024K, used 104700K [0x0000000080000000, 0x0000000100000000)
  region size 1024K, 9 young (9216K), 1 survivors (1024K)
 Metaspace       used 53860K, capacity 55563K, committed 55728K, reserved 1097728K
  class space    used 6841K, capacity 7419K, committed 7424K, reserved 1048576K
}
Event: 33.945 GC heap after
{Heap after GC invocations=35 (full 0):
 garbage-first heap   total 129024K, used 96577K [0x0000000080000000, 0x0000000100000000)
  region size 1024K, 1 young (1024K), 1 survivors (1024K)
 Metaspace       used 53860K, capacity 55563K, committed 55728K, reserved 1097728K
  class space    used 6841K, capacity 7419K, committed 7424K, reserved 1048576K
}
Event: 34.219 GC heap before
{Heap before GC invocations=35 (full 0):
 garbage-first heap   total 129024K, used 105793K [0x0000000080000000, 0x0000000100000000)
  region size 1024K, 10 young (10240K), 1 survivors (1024K)
 Metaspace       used 54915K, capacity 56637K, committed 56880K, reserved 1099776K
  class space    used 6983K, capacity 7520K, committed 7552K, reserved 1048576K
}
Event: 34.222 GC heap after
{Heap after GC invocations=36 (full 0):
 garbage-first heap   total 129024K, used 96850K [0x0000000080000000, 0x0000000100000000)
  region size 1024K, 1 young (1024K), 1 survivors (1024K)
 Metaspace       used 54915K, capacity 56637K, committed 56880K, reserved 1099776K
  class space    used 6983K, capacity 7520K, committed 7552K, reserved 1048576K
}
Event: 34.535 GC heap before
{Heap before GC invocations=37 (full 0):
 garbage-first heap   total 129024K, used 106066K [0x0000000080000000, 0x0000000100000000)
  region size 1024K, 11 young (11264K), 1 survivors (1024K)
 Metaspace       used 56162K, capacity 57916K, committed 58160K, reserved 1099776K
  class space    used 7126K, capacity 7715K, committed 7808K, reserved 1048576K
}
Event: 34.539 GC heap after
{Heap after GC invocations=38 (full 0):
 garbage-first heap   total 129024K, used 97316K [0x0000000080000000, 0x0000000100000000)
  region size 1024K, 2 young (2048K), 2 survivors (2048K)
 Metaspace       used 56162K, capacity 57916K, committed 58160K, reserved 1099776K
  class space    used 7126K, capacity 7715K, committed 7808K, reserved 1048576K
}
Event: 34.836 GC heap before
{Heap before GC invocations=38 (full 0):
 garbage-first heap   total 129024K, used 106532K [0x0000000080000000, 0x0000000100000000)
  region size 1024K, 12 young (12288K), 2 survivors (2048K)
 Metaspace       used 57650K, capacity 59473K, committed 59568K, reserved 1101824K
  class space    used 7318K, capacity 7893K, committed 7936K, reserved 1048576K
}
Event: 34.839 GC heap after
{Heap after GC invocations=39 (full 0):
 garbage-first heap   total 129024K, used 97637K [0x0000000080000000, 0x0000000100000000)
  region size 1024K, 2 young (2048K), 2 survivors (2048K)
 Metaspace       used 57650K, capacity 59473K, committed 59568K, reserved 1101824K
  class space    used 7318K, capacity 7893K, committed 7936K, reserved 1048576K
}
Event: 35.142 GC heap before
{Heap before GC invocations=40 (full 0):
 garbage-first heap   total 129024K, used 106853K [0x0000000080000000, 0x0000000100000000)
  region size 1024K, 12 young (12288K), 2 survivors (2048K)
 Metaspace       used 59341K, capacity 61109K, committed 61360K, reserved 1101824K
  class space    used 7489K, capacity 8095K, committed 8192K, reserved 1048576K
}
Event: 35.148 GC heap after
{Heap after GC invocations=41 (full 0):
 garbage-first heap   total 129024K, used 97912K [0x0000000080000000, 0x0000000100000000)
  region size 1024K, 2 young (2048K), 2 survivors (2048K)
 Metaspace       used 59341K, capacity 61109K, committed 61360K, reserved 1101824K
  class space    used 7489K, capacity 8095K, committed 8192K, reserved 1048576K
}
Event: 35.398 GC heap before
{Heap before GC invocations=41 (full 0):
 garbage-first heap   total 129024K, used 107128K [0x0000000080000000, 0x0000000100000000)
  region size 1024K, 12 young (12288K), 2 survivors (2048K)
 Metaspace       used 60783K, capacity 62587K, committed 62768K, reserved 1103872K
  class space    used 7652K, capacity 8241K, committed 8320K, reserved 1048576K
}
Event: 35.404 GC heap after
{Heap after GC invocations=42 (full 0):
 garbage-first heap   total 129024K, used 98419K [0x0000000080000000, 0x0000000100000000)
  region size 1024K, 2 young (2048K), 2 survivors (2048K)
 Metaspace       used 60783K, capacity 62587K, committed 62768K, reserved 1103872K
  class space    used 7652K, capacity 8241K, committed 8320K, reserved 1048576K
}
Event: 36.126 GC heap before
{Heap before GC invocations=43 (full 0):
 garbage-first heap   total 129024K, used 109683K [0x0000000080000000, 0x0000000100000000)
  region size 1024K, 13 young (13312K), 2 survivors (2048K)
 Metaspace       used 62510K, capacity 64378K, committed 64560K, reserved 1105920K
  class space    used 7891K, capacity 8520K, committed 8576K, reserved 1048576K
}

